New log file opened at Mon Sep 26 11:03:58 BRT 2016 by 19539@MacBook-Pro-de-Hilton-2.local
Taking next connection to: 54878
New client attempting to connect on port: 54879-54878
  Address = /172.22.69.141:54878
This client on port 54879 has uuid 5c11f2a8-3a80-4c35-a9cc-fdfefe7c57e4 configName activator humanReadableName Activator protocolVersion 3 featureTags Vector()
Connected Clients: activator-5c11f2a8-3a80-4c35-a9cc-fdfefe7c57e4
Taking next connection to: 54878
New client attempting to connect on port: 54886-54878
  Address = /172.22.69.141:54878
Handshake exception on socket: 54886
sbt.impl.ipc.HandshakeException: Unable to perform handshake
	at sbt.impl.ipc.Peer.handshake(IPC.scala:46)
	at sbt.impl.ipc.MultiClientServer.<init>(IPC.scala:150)
	at sbt.server.SbtServerSocketHandler$$anon$1.run(SbtServerSocketHandler.scala:43)
Caused by: java.io.EOFException
	at java.io.DataInputStream.readInt(DataInputStream.java:392)
	at sbt.impl.ipc.Peer.receive(IPC.scala:95)
	at sbt.impl.ipc.Peer.handshake(IPC.scala:49)
	... 2 more
Taking next connection to: 54878
New client attempting to connect on port: 54887-54878
  Address = /172.22.69.141:54878
This client on port 54887 has uuid 3a074143-7fdc-4b26-a537-c661ebc21c5f configName play-fork-run humanReadableName Play Fork Run protocolVersion 1 featureTags Vector()
Connected Clients: activator-5c11f2a8-3a80-4c35-a9cc-fdfefe7c57e4, play-fork-run-3a074143-7fdc-4b26-a537-c661ebc21c5f
Taking next connection to: 54878
